<?xml version="1.0" encoding="UTF-8"?>
<!-- Generated by org.testng.reporters.JUnitReportReporter -->
<testsuite skipped="0" hostname="SSPL-LP-HP-0029" name="paytm.insider.api.PaytmMovieGETAPI" tests="1" failures="0" timestamp="2020-06-24T14:07:36 GMT+05:30" time="5.544" errors="0">
  <testcase name="getMovieDetails" time="5.544" classname="paytm.insider.api.PaytmMovieGETAPI"/>
  <system-out/>
</testsuite> <!-- paytm.insider.api.PaytmMovieGETAPI -->
